<?xml version="1.0" encoding="UTF-8"?>
<TestRun id="15b868ca-d0a6-498d-8164-d5aba8a35048" name="dmitry@WIN7 2018-03-05 19:23:11" runUser="win7\dmitry" xmlns="http://microsoft.com/schemas/VisualStudio/TeamTest/2010">
  <TestSettings name="Локальные" id="961389cf-5c0e-473b-bb70-b4d6c6879f37">
    <Description>Это - параметры по умолчанию для локального тестового запуска.</Description>
    <Deployment enabled="false" runDeploymentRoot="dmitry_WIN7 2018-03-05 19_23_11">
      <DeploymentItem filename="C:\Users\dmitry\Documents\Visual Studio 2010\Projects\MindboxLibrary\MindboxLibrary\bin\Debug\MindboxLibrary.dll" />
    </Deployment>
    <Execution>
      <TestTypeSpecific />
      <AgentRule name="Execution Agents">
      </AgentRule>
    </Execution>
  </TestSettings>
  <Times creation="2018-03-05T19:23:11.5133467+03:00" queuing="2018-03-05T19:23:11.5934619+03:00" start="2018-03-05T19:23:11.7536923+03:00" finish="2018-03-05T19:23:12.7351035+03:00" />
  <ResultSummary outcome="Completed">
    <Counters total="2" executed="2" passed="2" error="0" failed="0" timeout="0" aborted="0" inconclusive="0" passedButRunAborted="0" notRunnable="0" notExecuted="0" disconnected="0" warning="0" completed="0" inProgress="0" pending="0" />
  </ResultSummary>
  <TestDefinitions>
    <UnitTest name="TriangleSquare" storage="c:\users\dmitry\documents\visual studio 2010\projects\mindboxlibrary\mindboxlibrarytest\bin\debug\mindboxlibrarytest.dll" id="b5a9c3c7-96e3-f38e-01a1-265a2f563f39">
      <Execution id="27f29772-da48-4835-a7c0-b75c5ae2adbe" />
      <TestMethod codeBase="C:/Users/dmitry/Documents/Visual Studio 2010/Projects/MindboxLibrary/MindboxLibraryTest/bin/Debug/MindboxLibraryTest.DLL" adapterTypeName="Microsoft.VisualStudio.TestTools.TestTypes.Unit.UnitTestAdapter, Microsoft.VisualStudio.QualityTools.Tips.UnitTest.Adapter, Version=10.0.0.0, Culture=neutral, PublicKeyToken=b03f5f7f11d50a3a" className="MindboxLibraryTest.TriangleTests, MindboxLibraryTest, Version=1.0.0.0, Culture=neutral, PublicKeyToken=null" name="TriangleSquare" />
    </UnitTest>
    <UnitTest name="CircleSquare" storage="c:\users\dmitry\documents\visual studio 2010\projects\mindboxlibrary\mindboxlibrarytest\bin\debug\mindboxlibrarytest.dll" id="2fd04da8-c83b-75ee-14f2-bbcf2b1a491d">
      <Execution id="101d984c-efd8-420b-80cf-bfd379c4e9c2" />
      <TestMethod codeBase="C:/Users/dmitry/Documents/Visual Studio 2010/Projects/MindboxLibrary/MindboxLibraryTest/bin/Debug/MindboxLibraryTest.DLL" adapterTypeName="Microsoft.VisualStudio.TestTools.TestTypes.Unit.UnitTestAdapter, Microsoft.VisualStudio.QualityTools.Tips.UnitTest.Adapter, Version=10.0.0.0, Culture=neutral, PublicKeyToken=b03f5f7f11d50a3a" className="MindboxLibraryTest.CircleTests, MindboxLibraryTest, Version=1.0.0.0, Culture=neutral, PublicKeyToken=null" name="CircleSquare" />
    </UnitTest>
  </TestDefinitions>
  <TestLists>
    <TestList name="Отсутствующие в списке результаты" id="8c84fa94-04c1-424b-9868-57a2d4851a1d" />
    <TestList name="Все загруженные результаты" id="19431567-8539-422a-85d7-44ee4e166bda" />
  </TestLists>
  <TestEntries>
    <TestEntry testId="2fd04da8-c83b-75ee-14f2-bbcf2b1a491d" executionId="101d984c-efd8-420b-80cf-bfd379c4e9c2" testListId="8c84fa94-04c1-424b-9868-57a2d4851a1d" />
    <TestEntry testId="b5a9c3c7-96e3-f38e-01a1-265a2f563f39" executionId="27f29772-da48-4835-a7c0-b75c5ae2adbe" testListId="8c84fa94-04c1-424b-9868-57a2d4851a1d" />
  </TestEntries>
  <Results>
    <UnitTestResult executionId="101d984c-efd8-420b-80cf-bfd379c4e9c2" testId="2fd04da8-c83b-75ee-14f2-bbcf2b1a491d" testName="CircleSquare" computerName="WIN7" duration="00:00:00.0455996" startTime="2018-03-05T19:23:11.8538363+03:00" endTime="2018-03-05T19:23:12.2043403+03:00" testType="13cdc9d9-ddb5-4fa4-a97d-d965ccfc6d4b" outcome="Passed" testListId="8c84fa94-04c1-424b-9868-57a2d4851a1d" relativeResultsDirectory="101d984c-efd8-420b-80cf-bfd379c4e9c2">
    </UnitTestResult>
    <UnitTestResult executionId="27f29772-da48-4835-a7c0-b75c5ae2adbe" testId="b5a9c3c7-96e3-f38e-01a1-265a2f563f39" testName="TriangleSquare" computerName="WIN7" duration="00:00:00.0267936" startTime="2018-03-05T19:23:12.3245131+03:00" endTime="2018-03-05T19:23:12.3845995+03:00" testType="13cdc9d9-ddb5-4fa4-a97d-d965ccfc6d4b" outcome="Passed" testListId="8c84fa94-04c1-424b-9868-57a2d4851a1d" relativeResultsDirectory="27f29772-da48-4835-a7c0-b75c5ae2adbe">
    </UnitTestResult>
  </Results>
</TestRun>