<?xml version="1.0" encoding="UTF-8"?>
<TestRun id="1174459b-dba4-4e39-89ac-26ad1274a7a4" name="dmitry@WIN7 2018-03-05 19:20:01" runUser="win7\dmitry" xmlns="http://microsoft.com/schemas/VisualStudio/TeamTest/2010">
  <TestSettings name="Локальные" id="961389cf-5c0e-473b-bb70-b4d6c6879f37">
    <Description>Это - параметры по умолчанию для локального тестового запуска.</Description>
    <Deployment enabled="false" runDeploymentRoot="dmitry_WIN7 2018-03-05 19_20_01">
      <DeploymentItem filename="C:\Users\dmitry\Documents\Visual Studio 2010\Projects\MindboxLibrary\MindboxLibrary\bin\Debug\MindboxLibrary.dll" />
    </Deployment>
    <Execution>
      <TestTypeSpecific />
      <AgentRule name="Execution Agents">
      </AgentRule>
    </Execution>
  </TestSettings>
  <Times creation="2018-03-05T19:20:01.6973819+03:00" queuing="2018-03-05T19:20:01.7684859+03:00" start="2018-03-05T19:20:01.9387307+03:00" finish="2018-03-05T19:20:02.9702139+03:00" />
  <ResultSummary outcome="Completed">
    <Counters total="1" executed="1" passed="1" error="0" failed="0" timeout="0" aborted="0" inconclusive="0" passedButRunAborted="0" notRunnable="0" notExecuted="0" disconnected="0" warning="0" completed="0" inProgress="0" pending="0" />
  </ResultSummary>
  <TestDefinitions>
    <UnitTest name="CircleSquare" storage="c:\users\dmitry\documents\visual studio 2010\projects\mindboxlibrary\mindboxlibrarytest\bin\debug\mindboxlibrarytest.dll" id="2fd04da8-c83b-75ee-14f2-bbcf2b1a491d">
      <Execution id="0e0dbdad-6b39-4a85-b43d-fadfb567f56e" />
      <TestMethod codeBase="C:/Users/dmitry/Documents/Visual Studio 2010/Projects/MindboxLibrary/MindboxLibraryTest/bin/Debug/MindboxLibraryTest.DLL" adapterTypeName="Microsoft.VisualStudio.TestTools.TestTypes.Unit.UnitTestAdapter, Microsoft.VisualStudio.QualityTools.Tips.UnitTest.Adapter, Version=10.0.0.0, Culture=neutral, PublicKeyToken=b03f5f7f11d50a3a" className="MindboxLibraryTest.CircleTests, MindboxLibraryTest, Version=1.0.0.0, Culture=neutral, PublicKeyToken=null" name="CircleSquare" />
    </UnitTest>
  </TestDefinitions>
  <TestLists>
    <TestList name="Отсутствующие в списке результаты" id="8c84fa94-04c1-424b-9868-57a2d4851a1d" />
    <TestList name="Все загруженные результаты" id="19431567-8539-422a-85d7-44ee4e166bda" />
  </TestLists>
  <TestEntries>
    <TestEntry testId="2fd04da8-c83b-75ee-14f2-bbcf2b1a491d" executionId="0e0dbdad-6b39-4a85-b43d-fadfb567f56e" testListId="8c84fa94-04c1-424b-9868-57a2d4851a1d" />
  </TestEntries>
  <Results>
    <UnitTestResult executionId="0e0dbdad-6b39-4a85-b43d-fadfb567f56e" testId="2fd04da8-c83b-75ee-14f2-bbcf2b1a491d" testName="CircleSquare" computerName="WIN7" duration="00:00:00.0459298" startTime="2018-03-05T19:20:02.0188459+03:00" endTime="2018-03-05T19:20:02.4294363+03:00" testType="13cdc9d9-ddb5-4fa4-a97d-d965ccfc6d4b" outcome="Passed" testListId="8c84fa94-04c1-424b-9868-57a2d4851a1d" relativeResultsDirectory="0e0dbdad-6b39-4a85-b43d-fadfb567f56e">
    </UnitTestResult>
  </Results>
</TestRun>