<?xml version="1.0" encoding="UTF-8"?>
<TestRun id="077d5d38-21b8-40e3-b0e9-5a45b22a4b4e" name="dmitry@WIN7 2018-03-05 19:59:46" runUser="win7\dmitry" xmlns="http://microsoft.com/schemas/VisualStudio/TeamTest/2010">
  <TestSettings name="Локальные" id="961389cf-5c0e-473b-bb70-b4d6c6879f37">
    <Description>Это - параметры по умолчанию для локального тестового запуска.</Description>
    <Deployment enabled="false" runDeploymentRoot="dmitry_WIN7 2018-03-05 19_59_46">
      <DeploymentItem filename="C:\Users\dmitry\Documents\Visual Studio 2010\Projects\MindboxLibrary\MindboxLibrary\bin\Debug\MindboxLibrary.dll" />
    </Deployment>
    <Execution>
      <TestTypeSpecific />
      <AgentRule name="Execution Agents">
      </AgentRule>
    </Execution>
  </TestSettings>
  <Times creation="2018-03-05T19:59:46.8117567+03:00" queuing="2018-03-05T19:59:46.8818575+03:00" start="2018-03-05T19:59:47.1021743+03:00" finish="2018-03-05T19:59:48.1336575+03:00" />
  <ResultSummary outcome="Completed">
    <Counters total="3" executed="3" passed="3" error="0" failed="0" timeout="0" aborted="0" inconclusive="0" passedButRunAborted="0" notRunnable="0" notExecuted="0" disconnected="0" warning="0" completed="0" inProgress="0" pending="0" />
  </ResultSummary>
  <TestDefinitions>
    <UnitTest name="RightTriangleSquare" storage="c:\users\dmitry\documents\visual studio 2010\projects\mindboxlibrary\mindboxlibrarytest\bin\debug\mindboxlibrarytest.dll" id="929cd42e-f23c-b9ce-89f6-e92e8630e4ea">
      <Execution id="2244b06b-b5a6-42bf-b4a9-f0674d9f05ac" />
      <TestMethod codeBase="C:/Users/dmitry/Documents/Visual Studio 2010/Projects/MindboxLibrary/MindboxLibraryTest/bin/Debug/MindboxLibraryTest.DLL" adapterTypeName="Microsoft.VisualStudio.TestTools.TestTypes.Unit.UnitTestAdapter, Microsoft.VisualStudio.QualityTools.Tips.UnitTest.Adapter, Version=10.0.0.0, Culture=neutral, PublicKeyToken=b03f5f7f11d50a3a" className="MindboxLibraryTest.TriangleTests, MindboxLibraryTest, Version=1.0.0.0, Culture=neutral, PublicKeyToken=null" name="RightTriangleSquare" />
    </UnitTest>
    <UnitTest name="CircleSquare" storage="c:\users\dmitry\documents\visual studio 2010\projects\mindboxlibrary\mindboxlibrarytest\bin\debug\mindboxlibrarytest.dll" id="2fd04da8-c83b-75ee-14f2-bbcf2b1a491d">
      <Execution id="46425c2b-9266-4b45-8291-871eb3a96ca3" />
      <TestMethod codeBase="C:/Users/dmitry/Documents/Visual Studio 2010/Projects/MindboxLibrary/MindboxLibraryTest/bin/Debug/MindboxLibraryTest.DLL" adapterTypeName="Microsoft.VisualStudio.TestTools.TestTypes.Unit.UnitTestAdapter, Microsoft.VisualStudio.QualityTools.Tips.UnitTest.Adapter, Version=10.0.0.0, Culture=neutral, PublicKeyToken=b03f5f7f11d50a3a" className="MindboxLibraryTest.CircleTests, MindboxLibraryTest, Version=1.0.0.0, Culture=neutral, PublicKeyToken=null" name="CircleSquare" />
    </UnitTest>
    <UnitTest name="NonRightTriangleSquare" storage="c:\users\dmitry\documents\visual studio 2010\projects\mindboxlibrary\mindboxlibrarytest\bin\debug\mindboxlibrarytest.dll" id="e9284ef4-3b18-67a1-7c04-440c28d8948d">
      <Execution id="18feb087-8b85-46ff-9870-cf02ec2ff59e" />
      <TestMethod codeBase="C:/Users/dmitry/Documents/Visual Studio 2010/Projects/MindboxLibrary/MindboxLibraryTest/bin/Debug/MindboxLibraryTest.DLL" adapterTypeName="Microsoft.VisualStudio.TestTools.TestTypes.Unit.UnitTestAdapter, Microsoft.VisualStudio.QualityTools.Tips.UnitTest.Adapter, Version=10.0.0.0, Culture=neutral, PublicKeyToken=b03f5f7f11d50a3a" className="MindboxLibraryTest.TriangleTests, MindboxLibraryTest, Version=1.0.0.0, Culture=neutral, PublicKeyToken=null" name="NonRightTriangleSquare" />
    </UnitTest>
  </TestDefinitions>
  <TestLists>
    <TestList name="Отсутствующие в списке результаты" id="8c84fa94-04c1-424b-9868-57a2d4851a1d" />
    <TestList name="Все загруженные результаты" id="19431567-8539-422a-85d7-44ee4e166bda" />
  </TestLists>
  <TestEntries>
    <TestEntry testId="2fd04da8-c83b-75ee-14f2-bbcf2b1a491d" executionId="46425c2b-9266-4b45-8291-871eb3a96ca3" testListId="8c84fa94-04c1-424b-9868-57a2d4851a1d" />
    <TestEntry testId="929cd42e-f23c-b9ce-89f6-e92e8630e4ea" executionId="2244b06b-b5a6-42bf-b4a9-f0674d9f05ac" testListId="8c84fa94-04c1-424b-9868-57a2d4851a1d" />
    <TestEntry testId="e9284ef4-3b18-67a1-7c04-440c28d8948d" executionId="18feb087-8b85-46ff-9870-cf02ec2ff59e" testListId="8c84fa94-04c1-424b-9868-57a2d4851a1d" />
  </TestEntries>
  <Results>
    <UnitTestResult executionId="46425c2b-9266-4b45-8291-871eb3a96ca3" testId="2fd04da8-c83b-75ee-14f2-bbcf2b1a491d" testName="CircleSquare" computerName="WIN7" duration="00:00:00.0447456" startTime="2018-03-05T19:59:47.1622607+03:00" endTime="2018-03-05T19:59:47.5227791+03:00" testType="13cdc9d9-ddb5-4fa4-a97d-d965ccfc6d4b" outcome="Passed" testListId="8c84fa94-04c1-424b-9868-57a2d4851a1d" relativeResultsDirectory="46425c2b-9266-4b45-8291-871eb3a96ca3">
    </UnitTestResult>
    <UnitTestResult executionId="2244b06b-b5a6-42bf-b4a9-f0674d9f05ac" testId="929cd42e-f23c-b9ce-89f6-e92e8630e4ea" testName="RightTriangleSquare" computerName="WIN7" duration="00:00:00.0283496" startTime="2018-03-05T19:59:47.6229231+03:00" endTime="2018-03-05T19:59:47.6830095+03:00" testType="13cdc9d9-ddb5-4fa4-a97d-d965ccfc6d4b" outcome="Passed" testListId="8c84fa94-04c1-424b-9868-57a2d4851a1d" relativeResultsDirectory="2244b06b-b5a6-42bf-b4a9-f0674d9f05ac">
    </UnitTestResult>
    <UnitTestResult executionId="18feb087-8b85-46ff-9870-cf02ec2ff59e" testId="e9284ef4-3b18-67a1-7c04-440c28d8948d" testName="NonRightTriangleSquare" computerName="WIN7" duration="00:00:00.0316436" startTime="2018-03-05T19:59:47.7731391+03:00" endTime="2018-03-05T19:59:47.8432399+03:00" testType="13cdc9d9-ddb5-4fa4-a97d-d965ccfc6d4b" outcome="Passed" testListId="8c84fa94-04c1-424b-9868-57a2d4851a1d" relativeResultsDirectory="18feb087-8b85-46ff-9870-cf02ec2ff59e">
    </UnitTestResult>
  </Results>
</TestRun>